
*** Running vivado
    with args -log myCPU_min_sop.vds -m64 -product Vivado -mode batch -messageDb vivado.pb -notrace -source myCPU_min_sop.tcl



****** Vivado v2023.2 (64-bit)
  **** SW Build 4029153 on Fri Oct 13 20:14:34 MDT 2023
  **** IP Build 4028589 on Sat Oct 14 00:45:43 MDT 2023
  **** SharedData Build 4025554 on Tue Oct 10 17:18:54 MDT 2023
    ** Copyright 1986-2022 Xilinx, Inc. All Rights Reserved.
    ** Copyright 2022-2023 Advanced Micro Devices, Inc. All Rights Reserved.

source myCPU_min_sop.tcl -notrace
Command: read_checkpoint -auto_incremental -incremental D:/FPGA_workspace/myCPU/myCPU.srcs/utils_1/imports/synth_1/inst_fetch.dcp
INFO: [Vivado 12-5825] Read reference checkpoint from D:/FPGA_workspace/myCPU/myCPU.srcs/utils_1/imports/synth_1/inst_fetch.dcp for incremental synthesis
INFO: [Vivado 12-7989] Please ensure there are no constraint changes
Command: synth_design -top myCPU_min_sop -part xczu15eg-ffvb1156-2-i
Starting synth_design
Attempting to get a license for feature 'Synthesis' and/or device 'xczu15eg'
INFO: [Common 17-349] Got license for feature 'Synthesis' and/or device 'xczu15eg'
INFO: [Designutils 20-5440] No compile time benefit to using incremental synthesis; A full resynthesis will be run
INFO: [Designutils 20-4379] Flow is switching to default flow due to incremental criteria not met. If you would like to alter this behaviour and have the flow terminate instead, please set the following parameter config_implementation {autoIncr.Synth.RejectBehavior Terminate}
INFO: [Synth 8-7079] Multithreading enabled for synth_design using a maximum of 2 processes.
INFO: [Synth 8-7078] Launching helper process for spawning children vivado processes
INFO: [Synth 8-7075] Helper process launched with PID 10344
---------------------------------------------------------------------------------
Starting Synthesize : Time (s): cpu = 00:00:03 ; elapsed = 00:00:03 . Memory (MB): peak = 1016.781 ; gain = 439.723
---------------------------------------------------------------------------------
INFO: [Synth 8-6157] synthesizing module 'myCPU_min_sop' [D:/FPGA_workspace/myCPU/myCPU.srcs/sources_1/new/myCPU_min_sop.sv:23]
INFO: [Synth 8-6157] synthesizing module 'myCPU' [D:/FPGA_workspace/myCPU/myCPU.srcs/sources_1/new/myCPU.sv:24]
INFO: [Synth 8-6157] synthesizing module 'pc_reg' [D:/FPGA_workspace/myCPU/myCPU.srcs/sources_1/new/pc_reg.sv:24]
INFO: [Synth 8-6155] done synthesizing module 'pc_reg' (0#1) [D:/FPGA_workspace/myCPU/myCPU.srcs/sources_1/new/pc_reg.sv:24]
INFO: [Synth 8-6157] synthesizing module 'if_id' [D:/FPGA_workspace/myCPU/myCPU.srcs/sources_1/new/if_id.sv:24]
INFO: [Synth 8-6155] done synthesizing module 'if_id' (0#1) [D:/FPGA_workspace/myCPU/myCPU.srcs/sources_1/new/if_id.sv:24]
INFO: [Synth 8-6157] synthesizing module 'id' [D:/FPGA_workspace/myCPU/myCPU.srcs/sources_1/new/id.sv:23]
INFO: [Synth 8-155] case statement is not full and has no default [D:/FPGA_workspace/myCPU/myCPU.srcs/sources_1/new/id.sv:105]
INFO: [Synth 8-6155] done synthesizing module 'id' (0#1) [D:/FPGA_workspace/myCPU/myCPU.srcs/sources_1/new/id.sv:23]
INFO: [Synth 8-6157] synthesizing module 'id_ex' [D:/FPGA_workspace/myCPU/myCPU.srcs/sources_1/new/id_ex.sv:25]
INFO: [Synth 8-6155] done synthesizing module 'id_ex' (0#1) [D:/FPGA_workspace/myCPU/myCPU.srcs/sources_1/new/id_ex.sv:25]
INFO: [Synth 8-6157] synthesizing module 'ex' [D:/FPGA_workspace/myCPU/myCPU.srcs/sources_1/new/ex.sv:24]
INFO: [Synth 8-6155] done synthesizing module 'ex' (0#1) [D:/FPGA_workspace/myCPU/myCPU.srcs/sources_1/new/ex.sv:24]
INFO: [Synth 8-6157] synthesizing module 'ex_mem' [D:/FPGA_workspace/myCPU/myCPU.srcs/sources_1/new/ex_mem.sv:25]
INFO: [Synth 8-6155] done synthesizing module 'ex_mem' (0#1) [D:/FPGA_workspace/myCPU/myCPU.srcs/sources_1/new/ex_mem.sv:25]
INFO: [Synth 8-6157] synthesizing module 'mem' [D:/FPGA_workspace/myCPU/myCPU.srcs/sources_1/new/mem.sv:25]
INFO: [Synth 8-6155] done synthesizing module 'mem' (0#1) [D:/FPGA_workspace/myCPU/myCPU.srcs/sources_1/new/mem.sv:25]
INFO: [Synth 8-6157] synthesizing module 'mem_wb' [D:/FPGA_workspace/myCPU/myCPU.srcs/sources_1/new/mem_wb.sv:24]
INFO: [Synth 8-6155] done synthesizing module 'mem_wb' (0#1) [D:/FPGA_workspace/myCPU/myCPU.srcs/sources_1/new/mem_wb.sv:24]
INFO: [Synth 8-6157] synthesizing module 'regfile' [D:/FPGA_workspace/myCPU/myCPU.srcs/sources_1/new/regfile.sv:24]
INFO: [Synth 8-6155] done synthesizing module 'regfile' (0#1) [D:/FPGA_workspace/myCPU/myCPU.srcs/sources_1/new/regfile.sv:24]
INFO: [Synth 8-6155] done synthesizing module 'myCPU' (0#1) [D:/FPGA_workspace/myCPU/myCPU.srcs/sources_1/new/myCPU.sv:24]
INFO: [Synth 8-6157] synthesizing module 'inst_rom' [D:/FPGA_workspace/myCPU/myCPU.srcs/sources_1/new/inst_rom.sv:24]
INFO: [Synth 8-3876] $readmem data file 'inst_rom_init.mem' is read successfully [D:/FPGA_workspace/myCPU/myCPU.srcs/sources_1/new/inst_rom.sv:35]
INFO: [Synth 8-6155] done synthesizing module 'inst_rom' (0#1) [D:/FPGA_workspace/myCPU/myCPU.srcs/sources_1/new/inst_rom.sv:24]
INFO: [Synth 8-6155] done synthesizing module 'myCPU_min_sop' (0#1) [D:/FPGA_workspace/myCPU/myCPU.srcs/sources_1/new/myCPU_min_sop.sv:23]
WARNING: [Synth 8-7129] Port addr[31] in module inst_rom is either unconnected or has no load
WARNING: [Synth 8-7129] Port addr[30] in module inst_rom is either unconnected or has no load
WARNING: [Synth 8-7129] Port addr[29] in module inst_rom is either unconnected or has no load
WARNING: [Synth 8-7129] Port addr[28] in module inst_rom is either unconnected or has no load
WARNING: [Synth 8-7129] Port addr[27] in module inst_rom is either unconnected or has no load
WARNING: [Synth 8-7129] Port addr[26] in module inst_rom is either unconnected or has no load
WARNING: [Synth 8-7129] Port addr[25] in module inst_rom is either unconnected or has no load
WARNING: [Synth 8-7129] Port addr[24] in module inst_rom is either unconnected or has no load
WARNING: [Synth 8-7129] Port addr[23] in module inst_rom is either unconnected or has no load
WARNING: [Synth 8-7129] Port addr[22] in module inst_rom is either unconnected or has no load
WARNING: [Synth 8-7129] Port addr[21] in module inst_rom is either unconnected or has no load
WARNING: [Synth 8-7129] Port addr[20] in module inst_rom is either unconnected or has no load
WARNING: [Synth 8-7129] Port addr[19] in module inst_rom is either unconnected or has no load
WARNING: [Synth 8-7129] Port addr[1] in module inst_rom is either unconnected or has no load
WARNING: [Synth 8-7129] Port addr[0] in module inst_rom is either unconnected or has no load
WARNING: [Synth 8-7129] Port pc_i[31] in module id is either unconnected or has no load
WARNING: [Synth 8-7129] Port pc_i[30] in module id is either unconnected or has no load
WARNING: [Synth 8-7129] Port pc_i[29] in module id is either unconnected or has no load
WARNING: [Synth 8-7129] Port pc_i[28] in module id is either unconnected or has no load
WARNING: [Synth 8-7129] Port pc_i[27] in module id is either unconnected or has no load
WARNING: [Synth 8-7129] Port pc_i[26] in module id is either unconnected or has no load
WARNING: [Synth 8-7129] Port pc_i[25] in module id is either unconnected or has no load
WARNING: [Synth 8-7129] Port pc_i[24] in module id is either unconnected or has no load
WARNING: [Synth 8-7129] Port pc_i[23] in module id is either unconnected or has no load
WARNING: [Synth 8-7129] Port pc_i[22] in module id is either unconnected or has no load
WARNING: [Synth 8-7129] Port pc_i[21] in module id is either unconnected or has no load
WARNING: [Synth 8-7129] Port pc_i[20] in module id is either unconnected or has no load
WARNING: [Synth 8-7129] Port pc_i[19] in module id is either unconnected or has no load
WARNING: [Synth 8-7129] Port pc_i[18] in module id is either unconnected or has no load
WARNING: [Synth 8-7129] Port pc_i[17] in module id is either unconnected or has no load
WARNING: [Synth 8-7129] Port pc_i[16] in module id is either unconnected or has no load
WARNING: [Synth 8-7129] Port pc_i[15] in module id is either unconnected or has no load
WARNING: [Synth 8-7129] Port pc_i[14] in module id is either unconnected or has no load
WARNING: [Synth 8-7129] Port pc_i[13] in module id is either unconnected or has no load
WARNING: [Synth 8-7129] Port pc_i[12] in module id is either unconnected or has no load
WARNING: [Synth 8-7129] Port pc_i[11] in module id is either unconnected or has no load
WARNING: [Synth 8-7129] Port pc_i[10] in module id is either unconnected or has no load
WARNING: [Synth 8-7129] Port pc_i[9] in module id is either unconnected or has no load
WARNING: [Synth 8-7129] Port pc_i[8] in module id is either unconnected or has no load
WARNING: [Synth 8-7129] Port pc_i[7] in module id is either unconnected or has no load
WARNING: [Synth 8-7129] Port pc_i[6] in module id is either unconnected or has no load
WARNING: [Synth 8-7129] Port pc_i[5] in module id is either unconnected or has no load
WARNING: [Synth 8-7129] Port pc_i[4] in module id is either unconnected or has no load
WARNING: [Synth 8-7129] Port pc_i[3] in module id is either unconnected or has no load
WARNING: [Synth 8-7129] Port pc_i[2] in module id is either unconnected or has no load
WARNING: [Synth 8-7129] Port pc_i[1] in module id is either unconnected or has no load
WARNING: [Synth 8-7129] Port pc_i[0] in module id is either unconnected or has no load
---------------------------------------------------------------------------------
Finished Synthesize : Time (s): cpu = 00:00:05 ; elapsed = 00:00:05 . Memory (MB): peak = 1132.984 ; gain = 555.926
---------------------------------------------------------------------------------
---------------------------------------------------------------------------------
Finished Constraint Validation : Time (s): cpu = 00:00:05 ; elapsed = 00:00:05 . Memory (MB): peak = 1132.984 ; gain = 555.926
---------------------------------------------------------------------------------
---------------------------------------------------------------------------------
Start Loading Part and Timing Information
---------------------------------------------------------------------------------
Loading part: xczu15eg-ffvb1156-2-i
INFO: [Synth 8-6742] Reading net delay rules and data
---------------------------------------------------------------------------------
Finished Loading Part and Timing Information : Time (s): cpu = 00:00:05 ; elapsed = 00:00:05 . Memory (MB): peak = 1132.984 ; gain = 555.926
---------------------------------------------------------------------------------
INFO: [Device 21-403] Loading part xczu15eg-ffvb1156-2-i
INFO: [Synth 8-6904] The RAM "regfile:/regs_reg" of size (depth=32 x width=32) is automatically implemented using LUTRAM. BRAM implementation would be inefficient 
---------------------------------------------------------------------------------
Finished RTL Optimization Phase 2 : Time (s): cpu = 00:00:05 ; elapsed = 00:00:05 . Memory (MB): peak = 1132.984 ; gain = 555.926
---------------------------------------------------------------------------------
No constraint files found.
---------------------------------------------------------------------------------
Start RTL Component Statistics 
---------------------------------------------------------------------------------
Detailed RTL Component Info : 
+---Registers : 
	               32 Bit    Registers := 6     
	                8 Bit    Registers := 1     
	                5 Bit    Registers := 3     
	                3 Bit    Registers := 1     
	                1 Bit    Registers := 4     
+---RAMs : 
	             1024 Bit	(32 X 32 bit)          RAMs := 1     
+---Muxes : 
	   2 Input   32 Bit        Muxes := 16    
	   5 Input   32 Bit        Muxes := 1     
	   3 Input    6 Bit        Muxes := 1     
	   2 Input    5 Bit        Muxes := 5     
	   2 Input    1 Bit        Muxes := 1     
---------------------------------------------------------------------------------
Finished RTL Component Statistics 
---------------------------------------------------------------------------------
---------------------------------------------------------------------------------
Start Part Resource Summary
---------------------------------------------------------------------------------
Part Resources:
DSPs: 3528 (col length:168)
BRAMs: 1488 (col length: RAMB18 168 RAMB36 84)
---------------------------------------------------------------------------------
Finished Part Resource Summary
---------------------------------------------------------------------------------
No constraint files found.
---------------------------------------------------------------------------------
Start Cross Boundary and Area Optimization
---------------------------------------------------------------------------------
WARNING: [Synth 8-7080] Parallel synthesis criteria is not met
INFO: [Synth 8-6904] The RAM "myCPU_min_sop/myCPU0/my_reg/regs_reg" of size (depth=32 x width=32) is automatically implemented using LUTRAM. BRAM implementation would be inefficient 
INFO: [Synth 8-6904] The RAM "myCPU_min_sop/myCPU0/my_reg/regs_reg" of size (depth=32 x width=32) is automatically implemented using LUTRAM. BRAM implementation would be inefficient 
---------------------------------------------------------------------------------
Finished Cross Boundary and Area Optimization : Time (s): cpu = 00:00:11 ; elapsed = 00:00:12 . Memory (MB): peak = 1979.773 ; gain = 1402.715
---------------------------------------------------------------------------------
No constraint files found.
---------------------------------------------------------------------------------
Start Timing Optimization
---------------------------------------------------------------------------------
---------------------------------------------------------------------------------
Finished Timing Optimization : Time (s): cpu = 00:00:11 ; elapsed = 00:00:12 . Memory (MB): peak = 1979.773 ; gain = 1402.715
---------------------------------------------------------------------------------
---------------------------------------------------------------------------------
Start Technology Mapping
---------------------------------------------------------------------------------
---------------------------------------------------------------------------------
Finished Technology Mapping : Time (s): cpu = 00:00:11 ; elapsed = 00:00:12 . Memory (MB): peak = 1979.773 ; gain = 1402.715
---------------------------------------------------------------------------------
---------------------------------------------------------------------------------
Start IO Insertion
---------------------------------------------------------------------------------
---------------------------------------------------------------------------------
Start Flattening Before IO Insertion
---------------------------------------------------------------------------------
---------------------------------------------------------------------------------
Finished Flattening Before IO Insertion
---------------------------------------------------------------------------------
---------------------------------------------------------------------------------
Start Final Netlist Cleanup
---------------------------------------------------------------------------------
---------------------------------------------------------------------------------
Finished Final Netlist Cleanup
---------------------------------------------------------------------------------
---------------------------------------------------------------------------------
Finished IO Insertion : Time (s): cpu = 00:00:14 ; elapsed = 00:00:15 . Memory (MB): peak = 1979.773 ; gain = 1402.715
---------------------------------------------------------------------------------
---------------------------------------------------------------------------------
Start Renaming Generated Instances
---------------------------------------------------------------------------------
---------------------------------------------------------------------------------
Finished Renaming Generated Instances : Time (s): cpu = 00:00:14 ; elapsed = 00:00:15 . Memory (MB): peak = 1979.773 ; gain = 1402.715
---------------------------------------------------------------------------------
---------------------------------------------------------------------------------
Start Rebuilding User Hierarchy
---------------------------------------------------------------------------------
---------------------------------------------------------------------------------
Finished Rebuilding User Hierarchy : Time (s): cpu = 00:00:14 ; elapsed = 00:00:15 . Memory (MB): peak = 1979.773 ; gain = 1402.715
---------------------------------------------------------------------------------
---------------------------------------------------------------------------------
Start Renaming Generated Ports
---------------------------------------------------------------------------------
---------------------------------------------------------------------------------
Finished Renaming Generated Ports : Time (s): cpu = 00:00:14 ; elapsed = 00:00:15 . Memory (MB): peak = 1979.773 ; gain = 1402.715
---------------------------------------------------------------------------------
---------------------------------------------------------------------------------
Start Handling Custom Attributes
---------------------------------------------------------------------------------
---------------------------------------------------------------------------------
Finished Handling Custom Attributes : Time (s): cpu = 00:00:14 ; elapsed = 00:00:15 . Memory (MB): peak = 1979.773 ; gain = 1402.715
---------------------------------------------------------------------------------
---------------------------------------------------------------------------------
Start Renaming Generated Nets
---------------------------------------------------------------------------------
---------------------------------------------------------------------------------
Finished Renaming Generated Nets : Time (s): cpu = 00:00:14 ; elapsed = 00:00:15 . Memory (MB): peak = 1979.773 ; gain = 1402.715
---------------------------------------------------------------------------------
---------------------------------------------------------------------------------
Start Writing Synthesis Report
---------------------------------------------------------------------------------

Report BlackBoxes: 
+-+--------------+----------+
| |BlackBox name |Instances |
+-+--------------+----------+
+-+--------------+----------+

Report Cell Usage: 
+-+-----+------+
| |Cell |Count |
+-+-----+------+
+-+-----+------+

Report Instance Areas: 
+------+---------+-------+------+
|      |Instance |Module |Cells |
+------+---------+-------+------+
|1     |top      |       |     0|
+------+---------+-------+------+
---------------------------------------------------------------------------------
Finished Writing Synthesis Report : Time (s): cpu = 00:00:14 ; elapsed = 00:00:15 . Memory (MB): peak = 1979.773 ; gain = 1402.715
---------------------------------------------------------------------------------
Synthesis finished with 0 errors, 0 critical warnings and 48 warnings.
Synthesis Optimization Runtime : Time (s): cpu = 00:00:14 ; elapsed = 00:00:15 . Memory (MB): peak = 1979.773 ; gain = 1402.715
Synthesis Optimization Complete : Time (s): cpu = 00:00:14 ; elapsed = 00:00:15 . Memory (MB): peak = 1979.773 ; gain = 1402.715
INFO: [Project 1-571] Translating synthesized netlist
Netlist sorting complete. Time (s): cpu = 00:00:00 ; elapsed = 00:00:00 . Memory (MB): peak = 1979.773 ; gain = 0.000
INFO: [Project 1-570] Preparing netlist for logic optimization
INFO: [Opt 31-138] Pushed 0 inverter(s) to 0 load pin(s).
Netlist sorting complete. Time (s): cpu = 00:00:00 ; elapsed = 00:00:00 . Memory (MB): peak = 2053.414 ; gain = 0.000
INFO: [Project 1-111] Unisim Transformation Summary:
No Unisim elements were transformed.

系统找不到指定的路径。
Synth Design complete | Checksum: fc78fb95
INFO: [Common 17-83] Releasing license: Synthesis
44 Infos, 48 Warnings, 0 Critical Warnings and 0 Errors encountered.
synth_design completed successfully
synth_design: Time (s): cpu = 00:00:15 ; elapsed = 00:00:17 . Memory (MB): peak = 2053.414 ; gain = 1484.086
INFO: [Common 17-1381] The checkpoint 'D:/FPGA_workspace/myCPU/myCPU.runs/synth_1/myCPU_min_sop.dcp' has been generated.
INFO: [runtcl-4] Executing : report_utilization -file myCPU_min_sop_utilization_synth.rpt -pb myCPU_min_sop_utilization_synth.pb
INFO: [Common 17-206] Exiting Vivado at Wed Apr 17 15:31:43 2024...
